F:\文档\毕业设计\research\NetDiskSrc\trunk\NetDisk\\Bin\Debug\NetDiskClient.exe
F:\文档\毕业设计\research\NetDiskSrc\trunk\NetDisk\\Bin\Debug\NetDiskClient.ilk
F:\文档\毕业设计\research\NetDiskSrc\trunk\NetDisk\\Bin\Debug\NetDiskClient.pdb
F:\文档\毕业设计\RESEARCH\NETDISKSRC\TRUNK\NETDISK\BIN\DEBUG\NETDISKCLIENT.EXE
F:\文档\毕业设计\RESEARCH\NETDISKSRC\TRUNK\NETDISK\BIN\DEBUG\NETDISKCLIENT.ILK
F:\文档\毕业设计\RESEARCH\NETDISKSRC\TRUNK\NETDISK\BIN\DEBUG\NETDISKCLIENT.PDB
F:\文档\毕业设计\RESEARCH\NETDISKSRC\TRUNK\NETDISK\NETDISKCLIENT\DEBUG\TEMP\CHANGENOTIFYWATCHER.OBJ
F:\文档\毕业设计\research\NetDiskSrc\trunk\NetDisk\NetDiskClient\Debug\Temp\cl.command.1.tlog
F:\文档\毕业设计\research\NetDiskSrc\trunk\NetDisk\NetDiskClient\Debug\Temp\CL.read.1.tlog
F:\文档\毕业设计\research\NetDiskSrc\trunk\NetDisk\NetDiskClient\Debug\Temp\CL.write.1.tlog
F:\文档\毕业设计\RESEARCH\NETDISKSRC\TRUNK\NETDISK\NETDISKCLIENT\DEBUG\TEMP\COMMON.OBJ
F:\文档\毕业设计\RESEARCH\NETDISKSRC\TRUNK\NETDISK\NETDISKCLIENT\DEBUG\TEMP\CPPSQLITE3.OBJ
F:\文档\毕业设计\RESEARCH\NETDISKSRC\TRUNK\NETDISK\NETDISKCLIENT\DEBUG\TEMP\DOWNLOADTHREAD.OBJ
F:\文档\毕业设计\RESEARCH\NETDISKSRC\TRUNK\NETDISK\NETDISKCLIENT\DEBUG\TEMP\FILECHANGE.OBJ
F:\文档\毕业设计\RESEARCH\NETDISKSRC\TRUNK\NETDISK\NETDISKCLIENT\DEBUG\TEMP\HTTPCLIENT.OBJ
F:\文档\毕业设计\research\NetDiskSrc\trunk\NetDisk\NetDiskClient\Debug\Temp\link.command.1.tlog
F:\文档\毕业设计\research\NetDiskSrc\trunk\NetDisk\NetDiskClient\Debug\Temp\link.read.1.tlog
F:\文档\毕业设计\research\NetDiskSrc\trunk\NetDisk\NetDiskClient\Debug\Temp\link.write.1.tlog
F:\文档\毕业设计\research\NetDiskSrc\trunk\NetDisk\NetDiskClient\Debug\Temp\link-cvtres.read.1.tlog
F:\文档\毕业设计\research\NetDiskSrc\trunk\NetDisk\NetDiskClient\Debug\Temp\link-cvtres.write.1.tlog
F:\文档\毕业设计\RESEARCH\NETDISKSRC\TRUNK\NETDISK\NETDISKCLIENT\DEBUG\TEMP\LOG.OBJ
F:\文档\毕业设计\RESEARCH\NETDISKSRC\TRUNK\NETDISK\NETDISKCLIENT\DEBUG\TEMP\MD5CALC.OBJ
F:\文档\毕业设计\RESEARCH\NETDISKSRC\TRUNK\NETDISK\NETDISKCLIENT\DEBUG\TEMP\MD5CORE.OBJ
F:\文档\毕业设计\research\NetDiskSrc\trunk\NetDisk\NetDiskClient\Debug\Temp\mt.command.1.tlog
F:\文档\毕业设计\research\NetDiskSrc\trunk\NetDisk\NetDiskClient\Debug\Temp\mt.read.1.tlog
F:\文档\毕业设计\research\NetDiskSrc\trunk\NetDisk\NetDiskClient\Debug\Temp\mt.write.1.tlog
F:\文档\毕业设计\RESEARCH\NETDISKSRC\TRUNK\NETDISK\NETDISKCLIENT\DEBUG\TEMP\NETDISKCHANGEWATCHER.OBJ
F:\文档\毕业设计\RESEARCH\NETDISKSRC\TRUNK\NETDISK\NETDISKCLIENT\DEBUG\TEMP\NETDISKCLIENT.EXE.EMBED.MANIFEST
F:\文档\毕业设计\RESEARCH\NETDISKSRC\TRUNK\NETDISK\NETDISKCLIENT\DEBUG\TEMP\NETDISKCLIENT.EXE.EMBED.MANIFEST.RES
F:\文档\毕业设计\RESEARCH\NETDISKSRC\TRUNK\NETDISK\NETDISKCLIENT\DEBUG\TEMP\NETDISKCLIENT.EXE.INTERMEDIATE.MANIFEST
F:\文档\毕业设计\RESEARCH\NETDISKSRC\TRUNK\NETDISK\NETDISKCLIENT\DEBUG\TEMP\NETDISKCLIENT.OBJ
F:\文档\毕业设计\RESEARCH\NETDISKSRC\TRUNK\NETDISK\NETDISKCLIENT\DEBUG\TEMP\NETDISKCLIENT.PCH
F:\文档\毕业设计\RESEARCH\NETDISKSRC\TRUNK\NETDISK\NETDISKCLIENT\DEBUG\TEMP\NETDISKCLIENT.RES
F:\文档\毕业设计\research\NetDiskSrc\trunk\NetDisk\NetDiskClient\Debug\Temp\NetDiskClient_manifest.rc
F:\文档\毕业设计\RESEARCH\NETDISKSRC\TRUNK\NETDISK\NETDISKCLIENT\DEBUG\TEMP\OAUTHCLIENT.OBJ
F:\文档\毕业设计\RESEARCH\NETDISKSRC\TRUNK\NETDISK\NETDISKCLIENT\DEBUG\TEMP\OPINI.OBJ
F:\文档\毕业设计\research\NetDiskSrc\trunk\NetDisk\NetDiskClient\Debug\Temp\rc.command.1.tlog
F:\文档\毕业设计\research\NetDiskSrc\trunk\NetDisk\NetDiskClient\Debug\Temp\rc.read.1.tlog
F:\文档\毕业设计\research\NetDiskSrc\trunk\NetDisk\NetDiskClient\Debug\Temp\rc.write.1.tlog
F:\文档\毕业设计\RESEARCH\NETDISKSRC\TRUNK\NETDISK\NETDISKCLIENT\DEBUG\TEMP\STDAFX.OBJ
F:\文档\毕业设计\RESEARCH\NETDISKSRC\TRUNK\NETDISK\NETDISKCLIENT\DEBUG\TEMP\TODOLIST.OBJ
F:\文档\毕业设计\RESEARCH\NETDISKSRC\TRUNK\NETDISK\NETDISKCLIENT\DEBUG\TEMP\UPLOADTHREAD.OBJ
F:\文档\毕业设计\research\NetDiskSrc\trunk\NetDisk\NetDiskClient\Debug\Temp\vc100.idb
F:\文档\毕业设计\RESEARCH\NETDISKSRC\TRUNK\NETDISK\NETDISKCLIENT\DEBUG\TEMP\VC100.PDB
F:\文档\毕业设计\RESEARCH\NETDISKSRC\TRUNK\NETDISK\NETDISKCLIENT\DEBUG\TEMP\WEBBROWSER.OBJ
